This is e-TeX, Version 3.141592-2.2 (MiKTeX 2.4) (preloaded format=latex 2005.10.22)  2 NOV 2005 11:31
entering extended mode
**bibliografia.tex
(bibliografia.tex
LaTeX2e <2003/12/01>
Babel <v3.8a> and hyphenation patterns for english, french, german, ngerman, po
rtuguese, dumylang, nohyphenation, loaded.
(d:\texmf\tex\latex\base\report.cls
Document Class: report 2004/02/16 v1.4f Standard LaTeX document class
(d:\texmf\tex\latex\base\size12.clo
File: size12.clo 2004/02/16 v1.4f Standard LaTeX file (size option)
)
\c@part=\count79
\c@chapter=\count80
\c@section=\count81
\c@subsection=\count82
\c@subsubsection=\count83
\c@paragraph=\count84
\c@subparagraph=\count85
\c@figure=\count86
\c@table=\count87
\abovecaptionskip=\skip41
\belowcaptionskip=\skip42
\bibindent=\dimen102
) (bibliografia.aux)
LaTeX Font Info:    Checking defaults for OML/cmm/m/it on input line 6.
LaTeX Font Info:    ... okay on input line 6.
LaTeX Font Info:    Checking defaults for T1/cmr/m/n on input line 6.
LaTeX Font Info:    ... okay on input line 6.
LaTeX Font Info:    Checking defaults for OT1/cmr/m/n on input line 6.
LaTeX Font Info:    ... okay on input line 6.
LaTeX Font Info:    Checking defaults for OMS/cmsy/m/n on input line 6.
LaTeX Font Info:    ... okay on input line 6.
LaTeX Font Info:    Checking defaults for OMX/cmex/m/n on input line 6.
LaTeX Font Info:    ... okay on input line 6.
LaTeX Font Info:    Checking defaults for U/cmr/m/n on input line 6.
LaTeX Font Info:    ... okay on input line 6.
 (bibliografia.bbl
Missing character: There is no ç in font cmti12!
Missing character: There is no ã in font cmti12!
Missing character: There is no é in font cmti12!
Missing character: There is no ç in font cmr12!

[1


]
Missing character: There is no ç in font cmti12!
Missing character: There is no ã in font cmti12!
Missing character: There is no ó in font cmti12!
Missing character: There is no ó in font cmti12!
Missing character: There is no ç in font cmr12!
Missing character: There is no ã in font cmr12!
Missing character: There is no ç in font cmr12!
Missing character: There is no ã in font cmr12!
Missing character: There is no ç in font cmr12!
Missing character: There is no ã in font cmr12!
Missing character: There is no é in font cmr12!
Missing character: There is no ç in font cmr12!
Missing character: There is no ã in font cmr12!
Missing character: There is no ç in font cmr12!
Missing character: There is no ã in font cmr12!
Missing character: There is no á in font cmr12!
Missing character: There is no Ê in font cmti12!
Missing character: There is no ã in font cmr12!
LaTeX Font Info:    External font `cmex10' loaded for size
(Font)              <12> on input line 125.
LaTeX Font Info:    External font `cmex10' loaded for size
(Font)              <8> on input line 125.
LaTeX Font Info:    External font `cmex10' loaded for size
(Font)              <6> on input line 125.
) [2] (bibliografia.aux)

LaTeX Warning: Label(s) may have changed. Rerun to get cross-references right.

 ) 
Here is how much of TeX's memory you used:
 291 strings out of 95880
 3060 string characters out of 1195047
 48446 words of memory out of 1050149
 3397 multiletter control sequences out of 35000
 7329 words of font info for 26 fonts, out of 500000 for 1000
 16 hyphenation exceptions out of 607
 22i,4n,19p,136b,211s stack positions out of 1500i,500n,5000p,200000b,32768s

Output written on bibliografia.dvi (2 pages, 5084 bytes).
