This is e-TeX, Version 3.141592-2.2 (MiKTeX 2.4) (preloaded format=latex 2005.10.22)  1 NOV 2005 19:49
entering extended mode
**resumo.tex
(resumo.tex
LaTeX2e <2003/12/01>
Babel <v3.8a> and hyphenation patterns for english, french, german, ngerman, po
rtuguese, dumylang, nohyphenation, loaded.

! LaTeX Error: Environment resumo undefined.

See the LaTeX manual or LaTeX Companion for explanation.
Type  H <return>  for immediate help.
 ...                                              
                                                  
l.5 \begin{resumo}
                  
? 
! Emergency stop.
 ...                                              
                                                  
l.5 \begin{resumo}
                  
Your command was ignored.
Type  I <command> <return>  to replace it with another command,
or  <return>  to continue without it.

 
Here is how much of TeX's memory you used:
 8 strings out of 95880
 189 string characters out of 1195047
 44826 words of memory out of 1048577
 3155 multiletter control sequences out of 35000
 3640 words of font info for 14 fonts, out of 500000 for 1000
 16 hyphenation exceptions out of 607
 5i,0n,4p,51b,16s stack positions out of 1500i,500n,5000p,200000b,32768s
No pages of output.
